2019-05-25 06:21:06,905 [1] INFO  Photon.LoadBalancing.MasterServer.MasterApplication - TokenCreator intialized with an expiration of 02:46:40
2019-05-25 06:21:07,142 [1] INFO  Photon.SocketServer.Diagnostics.HttpQueuePerformanceCounters - HTTP Queue performance counters successfully initialized
2019-05-25 06:21:07,149 [1] INFO  Photon.SocketServer.Diagnostics.HttpQueuePerformanceCounters - Internal HTTP Queue performance counters successfully created
2019-05-25 06:21:07,156 [1] INFO  Photon.Common.Authentication.Diagnostic.CustomAuthResultCounters - Start to initialize Photon: Custom Authentication Results performance counters
2019-05-25 06:21:07,529 [1] INFO  Photon.SocketServer.Diagnostics.PerfCounterManagerBase - PerformanceCounter category 'Photon: Custom Authentication Results' does not exists and will be created
2019-05-25 06:21:07,663 [1] INFO  Photon.Common.Authentication.Diagnostic.CustomAuthResultCounters - Photon: Custom Authentication Results performance counters successfully initialized
2019-05-25 06:21:07,682 [1] WARN  Photon.Common.LoadBalancer.LoadBalancer`1 - Could not initialize LoadBalancer from configuration: Invalid configuration file C:\Users\User\Documents\GitHub\hackgames2\server\Photon-OnPremise-Server-SDK_v4-0-29-11263\deploy\LoadBalancer.config. Using default settings... (Файл 'C:\Users\User\Documents\GitHub\hackgames2\server\Photon-OnPremise-Server-SDK_v4-0-29-11263\deploy\LoadBalancer.config' не найден.)
2019-05-25 06:21:07,748 [1] INFO  Photon.LoadBalancing.MasterServer.GameApplication - TokenCreator intialized with an expiration of 02:46:40
2019-05-25 06:21:07,832 [1] INFO  Photon.LoadBalancing.MasterServer.GameApplication - Application {Default}/{Default} starts without Redis
2019-05-25 06:21:07,864 [1] INFO  Photon.LoadBalancing.Common.NodesReader - Import nodes
2019-05-25 06:21:07,870 [1] WARN  Photon.LoadBalancing.Common.NodesReader - C:\Users\User\Documents\GitHub\hackgames2\server\Photon-OnPremise-Server-SDK_v4-0-29-11263\deploy\Nodes.txt does not exist, CurrentNodeId = 0
2019-05-25 06:21:07,875 [1] INFO  Photon.LoadBalancing.Common.NodesReader - Watching C:\Users\User\Documents\GitHub\hackgames2\server\Photon-OnPremise-Server-SDK_v4-0-29-11263\deploy\Nodes.txt
2019-05-25 06:21:07,880 [1] INFO  Photon.LoadBalancing.MasterServer.MasterApplication - Current Node (nodeId=0) is the active master (leader)
2019-05-25 06:21:07,886 [1] INFO  Photon.SocketServer.ApplicationBase - Application start: AppId=Master; AppPath=C:\Users\User\Documents\GitHub\hackgames2\server\Photon-OnPremise-Server-SDK_v4-0-29-11263\deploy\LoadBalancing\Master, Type=Photon.LoadBalancing.MasterServer.MasterApplication 
2019-05-25 06:21:07,925 [1] INFO  Photon.SocketServer.Diagnostics.CounterPublisher - CounterPublisher started publishing ExitGames.Diagnostics.Monitoring.CounterSamplePublisher to ExitGames.Diagnostics.Monitoring.CounterSampleSender
2019-05-25 06:21:07,960 [13] INFO  Photon.LoadBalancing.MasterServer.GameServer.IncomingGameServerPeer - game server connection from 127.0.0.1:52651 established (id=2)
2019-05-25 06:21:08,108 [15] WARN  Photon.LoadBalancing.Common.NodesReader - Internal address for node 0 unknown; using loop back
2019-05-25 06:21:08,114 [15] INFO  Photon.LoadBalancing.Common.NodesReader - Node added: 0 = 127.0.0.1
2019-05-25 10:01:47,945 [6] INFO  Photon.LoadBalancing.MasterServer.GameServer.IncomingGameServerPeer - OnDisconnect: game server connection closed (connectionId=2, serverId=1284cc84-45e7-4fe3-bef2-74e834c5a02c, reason=ClientDisconnect)
2019-05-25 10:01:47,973 [16] INFO  Photon.LoadBalancing.MasterServer.GameServer.IncomingGameServerPeer - game server connection from 127.0.0.1:58585 established (id=3)
2019-05-25 10:03:34,309 [26] INFO  Photon.LoadBalancing.MasterServer.GameServer.IncomingGameServerPeer - OnDisconnect: game server connection closed (connectionId=3, serverId=dff5a3a2-9fcd-4466-ac58-b48b211a12f3, reason=ClientDisconnect)
2019-05-25 10:03:34,323 [1] INFO  Photon.SocketServer.ApplicationBase - Application is stopping: AppId=Master
2019-05-25 10:03:34,367 [1] INFO  Photon.SocketServer.ApplicationBase - Application stop: AppId=Master
2019-05-25 10:03:45,430 [1] INFO  Photon.LoadBalancing.MasterServer.MasterApplication - TokenCreator intialized with an expiration of 02:46:40
2019-05-25 10:03:45,657 [1] INFO  Photon.SocketServer.Diagnostics.HttpQueuePerformanceCounters - HTTP Queue performance counters successfully initialized
2019-05-25 10:03:45,665 [1] INFO  Photon.SocketServer.Diagnostics.HttpQueuePerformanceCounters - Internal HTTP Queue performance counters successfully created
2019-05-25 10:03:45,672 [1] INFO  Photon.Common.Authentication.Diagnostic.CustomAuthResultCounters - Start to initialize Photon: Custom Authentication Results performance counters
2019-05-25 10:03:45,680 [1] INFO  Photon.Common.Authentication.Diagnostic.CustomAuthResultCounters - Photon: Custom Authentication Results performance counters successfully initialized
2019-05-25 10:03:45,692 [1] WARN  Photon.Common.LoadBalancer.LoadBalancer`1 - Could not initialize LoadBalancer from configuration: Invalid configuration file C:\Users\User\Documents\GitHub\hackgames2\server\Photon-OnPremise-Server-SDK_v4-0-29-11263\deploy\LoadBalancer.config. Using default settings... (Файл 'C:\Users\User\Documents\GitHub\hackgames2\server\Photon-OnPremise-Server-SDK_v4-0-29-11263\deploy\LoadBalancer.config' не найден.)
2019-05-25 10:03:45,752 [1] INFO  Photon.LoadBalancing.MasterServer.GameApplication - TokenCreator intialized with an expiration of 02:46:40
2019-05-25 10:03:45,828 [1] INFO  Photon.LoadBalancing.MasterServer.GameApplication - Application {Default}/{Default} starts without Redis
2019-05-25 10:03:45,859 [1] INFO  Photon.LoadBalancing.Common.NodesReader - Import nodes
2019-05-25 10:03:45,865 [1] WARN  Photon.LoadBalancing.Common.NodesReader - C:\Users\User\Documents\GitHub\hackgames2\server\Photon-OnPremise-Server-SDK_v4-0-29-11263\deploy\Nodes.txt does not exist, CurrentNodeId = 0
2019-05-25 10:03:45,870 [1] INFO  Photon.LoadBalancing.Common.NodesReader - Watching C:\Users\User\Documents\GitHub\hackgames2\server\Photon-OnPremise-Server-SDK_v4-0-29-11263\deploy\Nodes.txt
2019-05-25 10:03:45,876 [1] INFO  Photon.LoadBalancing.MasterServer.MasterApplication - Current Node (nodeId=0) is the active master (leader)
2019-05-25 10:03:45,881 [1] INFO  Photon.SocketServer.ApplicationBase - Application start: AppId=Master; AppPath=C:\Users\User\Documents\GitHub\hackgames2\server\Photon-OnPremise-Server-SDK_v4-0-29-11263\deploy\LoadBalancing\Master, Type=Photon.LoadBalancing.MasterServer.MasterApplication 
2019-05-25 10:03:45,905 [1] INFO  Photon.SocketServer.Diagnostics.CounterPublisher - CounterPublisher started publishing ExitGames.Diagnostics.Monitoring.CounterSamplePublisher to ExitGames.Diagnostics.Monitoring.CounterSampleSender
2019-05-25 10:03:45,937 [13] INFO  Photon.LoadBalancing.MasterServer.GameServer.IncomingGameServerPeer - game server connection from 127.0.0.1:58594 established (id=2)
2019-05-25 10:03:46,032 [13] WARN  Photon.LoadBalancing.Common.NodesReader - Internal address for node 0 unknown; using loop back
2019-05-25 10:03:46,037 [13] INFO  Photon.LoadBalancing.Common.NodesReader - Node added: 0 = 127.0.0.1
