2019-05-25 06:20:58,786 [ 1] INFO  PhotonHostRuntime.PhotonDomainManager - Initialize: ApplicationName = 'DefaultDomain', DomainID = '1'
2019-05-25 06:20:58,806 [ 1] INFO  PhotonHostRuntime.PhotonDomainManager - AppDomains with unhandled exceptions are usually not unloaded and restarted.
2019-05-25 06:20:58,810 [ 1] INFO  PhotonHostRuntime.PhotonDomainManager - Getting license information:
2019-05-25 06:20:59,248 [ 1] INFO  PhotonHostRuntime.PhotonLicensing - LICENSE: No license file was found - starting with Bootstrap License.
2019-05-25 06:20:59,253 [ 1] INFO  PhotonHostRuntime.PhotonLicensing - LICENSE: Expiration: never; floating license: no; max connections: 20; valid IPs: any
2019-05-25 06:21:00,746 [ 1] INFO  PhotonHostRuntime.PhotonDomainManager - CreateAppDomain: name = 'Master' , assemblyName = 'Photon.LoadBalancing'
2019-05-25 06:21:00,754 [ 1] INFO  PhotonHostRuntime.PhotonDomainManager -   ApplicationBase = 'C:\Users\User\Documents\GitHub\hackgames2\server\Photon-OnPremise-Server-SDK_v4-0-29-11263\deploy'
2019-05-25 06:21:00,760 [ 1] INFO  PhotonHostRuntime.PhotonDomainManager -   PrivateBinPath = 'C:\Users\User\Documents\GitHub\hackgames2\server\Photon-OnPremise-Server-SDK_v4-0-29-11263\deploy\LoadBalancing\Master\bin;bin_Win64;Shared;'
2019-05-25 06:21:00,766 [ 1] INFO  PhotonHostRuntime.PhotonDomainManager -   ConfigurationFile = 'C:\Users\User\Documents\GitHub\hackgames2\server\Photon-OnPremise-Server-SDK_v4-0-29-11263\deploy\LoadBalancing\Master\bin\Photon.LoadBalancing.dll.config'
2019-05-25 06:21:00,772 [ 1] INFO  PhotonHostRuntime.PhotonDomainManager -   CachePath = 'C:\Users\User\Documents\GitHub\hackgames2\server\Photon-OnPremise-Server-SDK_v4-0-29-11263\deploy\LoadBalancing\Master\bin\Cache'
2019-05-25 06:21:00,956 [ 1] INFO  PhotonHostRuntime.PhotonDomainManager -   ApplicationPath = 'C:\Users\User\Documents\GitHub\hackgames2\server\Photon-OnPremise-Server-SDK_v4-0-29-11263\deploy\LoadBalancing\Master'
2019-05-25 06:21:00,960 [ 1] INFO  PhotonHostRuntime.PhotonDomainManager -   BinaryPath = 'C:\Users\User\Documents\GitHub\hackgames2\server\Photon-OnPremise-Server-SDK_v4-0-29-11263\deploy\LoadBalancing\Master\bin'
2019-05-25 06:21:00,964 [ 1] INFO  PhotonHostRuntime.PhotonDomainManager -   ApplicationRootPath = 'C:\Users\User\Documents\GitHub\hackgames2\server\Photon-OnPremise-Server-SDK_v4-0-29-11263\deploy'
2019-05-25 06:21:00,970 [ 1] INFO  PhotonHostRuntime.PhotonDomainManager -   UnmanagedLogPath = 'C:\Users\User\Documents\GitHub\hackgames2\server\Photon-OnPremise-Server-SDK_v4-0-29-11263\deploy\bin_Win64\log'
2019-05-25 06:21:01,022 [ 1] INFO  PhotonHostRuntime.PhotonDomainManager - AssemblyLoadEvent: Photon.LoadBalancing, Version=4.0.28.11221, Culture=neutral, PublicKeyToken=null from file:///C:/Users/User/Documents/GitHub/hackgames2/server/Photon-OnPremise-Server-SDK_v4-0-29-11263/deploy/LoadBalancing/Master/bin/Photon.LoadBalancing.DLL
2019-05-25 06:21:01,026 [ 1] INFO  PhotonHostRuntime.PhotonDomainManager - Photon SDK:4.0.28.11245
2019-05-25 06:21:01,069 [ 1] INFO  PhotonHostRuntime.PhotonDomainManager - AssemblyLoadEvent: Photon.SocketServer, Version=4.0.28.11245, Culture=neutral, PublicKeyToken=48c2fa3b6988090e from file:///C:/Users/User/Documents/GitHub/hackgames2/server/Photon-OnPremise-Server-SDK_v4-0-29-11263/deploy/LoadBalancing/Master/bin/Photon.SocketServer.DLL
2019-05-25 06:21:01,102 [ 1] INFO  PhotonHostRuntime.PhotonDomainManager - AssemblyLoadEvent: ExitGamesLibs, Version=1.0.4.0, Culture=neutral, PublicKeyToken=eac0edd9746a4aa0 from file:///C:/Users/User/Documents/GitHub/hackgames2/server/Photon-OnPremise-Server-SDK_v4-0-29-11263/deploy/LoadBalancing/Master/bin/ExitGamesLibs.DLL
2019-05-25 06:21:01,126 [ 1] INFO  PhotonHostRuntime.PhotonDomainManager - Starting: name = 'Master', assemblyName = 'Photon.LoadBalancing', typeName = 'Photon.LoadBalancing.MasterServer.MasterApplication'
2019-05-25 06:21:01,130 [ 1] INFO  PhotonHostRuntime.PhotonDomainManager - CreateAppDomain: name = 'Game' , assemblyName = 'Photon.LoadBalancing'
2019-05-25 06:21:01,134 [ 1] INFO  PhotonHostRuntime.PhotonDomainManager -   ApplicationBase = 'C:\Users\User\Documents\GitHub\hackgames2\server\Photon-OnPremise-Server-SDK_v4-0-29-11263\deploy'
2019-05-25 06:21:01,138 [ 1] INFO  PhotonHostRuntime.PhotonDomainManager -   PrivateBinPath = 'C:\Users\User\Documents\GitHub\hackgames2\server\Photon-OnPremise-Server-SDK_v4-0-29-11263\deploy\LoadBalancing\GameServer\bin;bin_Win64;Shared;'
2019-05-25 06:21:01,141 [ 1] INFO  PhotonHostRuntime.PhotonDomainManager -   ConfigurationFile = 'C:\Users\User\Documents\GitHub\hackgames2\server\Photon-OnPremise-Server-SDK_v4-0-29-11263\deploy\LoadBalancing\GameServer\bin\Photon.LoadBalancing.dll.config'
2019-05-25 06:21:01,145 [ 1] INFO  PhotonHostRuntime.PhotonDomainManager -   CachePath = 'C:\Users\User\Documents\GitHub\hackgames2\server\Photon-OnPremise-Server-SDK_v4-0-29-11263\deploy\LoadBalancing\GameServer\bin\Cache'
2019-05-25 06:21:01,261 [ 1] INFO  PhotonHostRuntime.PhotonDomainManager -   ApplicationPath = 'C:\Users\User\Documents\GitHub\hackgames2\server\Photon-OnPremise-Server-SDK_v4-0-29-11263\deploy\LoadBalancing\GameServer'
2019-05-25 06:21:01,265 [ 1] INFO  PhotonHostRuntime.PhotonDomainManager -   BinaryPath = 'C:\Users\User\Documents\GitHub\hackgames2\server\Photon-OnPremise-Server-SDK_v4-0-29-11263\deploy\LoadBalancing\GameServer\bin'
2019-05-25 06:21:01,269 [ 1] INFO  PhotonHostRuntime.PhotonDomainManager -   ApplicationRootPath = 'C:\Users\User\Documents\GitHub\hackgames2\server\Photon-OnPremise-Server-SDK_v4-0-29-11263\deploy'
2019-05-25 06:21:01,273 [ 1] INFO  PhotonHostRuntime.PhotonDomainManager -   UnmanagedLogPath = 'C:\Users\User\Documents\GitHub\hackgames2\server\Photon-OnPremise-Server-SDK_v4-0-29-11263\deploy\bin_Win64\log'
2019-05-25 06:21:01,317 [ 1] INFO  PhotonHostRuntime.PhotonDomainManager - AssemblyLoadEvent: Photon.LoadBalancing, Version=4.0.28.11221, Culture=neutral, PublicKeyToken=null from file:///C:/Users/User/Documents/GitHub/hackgames2/server/Photon-OnPremise-Server-SDK_v4-0-29-11263/deploy/LoadBalancing/GameServer/bin/Photon.LoadBalancing.DLL
2019-05-25 06:21:01,322 [ 1] INFO  PhotonHostRuntime.PhotonDomainManager - Photon SDK:4.0.28.11245
2019-05-25 06:21:01,363 [ 1] INFO  PhotonHostRuntime.PhotonDomainManager - AssemblyLoadEvent: Photon.SocketServer, Version=4.0.28.11245, Culture=neutral, PublicKeyToken=48c2fa3b6988090e from file:///C:/Users/User/Documents/GitHub/hackgames2/server/Photon-OnPremise-Server-SDK_v4-0-29-11263/deploy/LoadBalancing/GameServer/bin/Photon.SocketServer.DLL
2019-05-25 06:21:01,402 [ 1] INFO  PhotonHostRuntime.PhotonDomainManager - AssemblyLoadEvent: Photon.Common, Version=4.0.28.11221, Culture=neutral, PublicKeyToken=null from file:///C:/Users/User/Documents/GitHub/hackgames2/server/Photon-OnPremise-Server-SDK_v4-0-29-11263/deploy/LoadBalancing/GameServer/bin/Photon.Common.DLL
2019-05-25 06:21:01,444 [ 1] INFO  PhotonHostRuntime.PhotonDomainManager - AssemblyLoadEvent: ExitGamesLibs, Version=1.0.4.0, Culture=neutral, PublicKeyToken=eac0edd9746a4aa0 from file:///C:/Users/User/Documents/GitHub/hackgames2/server/Photon-OnPremise-Server-SDK_v4-0-29-11263/deploy/LoadBalancing/GameServer/bin/ExitGamesLibs.DLL
2019-05-25 06:21:01,484 [ 1] INFO  PhotonHostRuntime.PhotonDomainManager - AssemblyLoadEvent: PhotonHive, Version=4.0.28.11221, Culture=neutral, PublicKeyToken=null from file:///C:/Users/User/Documents/GitHub/hackgames2/server/Photon-OnPremise-Server-SDK_v4-0-29-11263/deploy/LoadBalancing/GameServer/bin/PhotonHive.DLL
2019-05-25 06:21:01,518 [ 1] INFO  PhotonHostRuntime.PhotonDomainManager - Starting: name = 'Game', assemblyName = 'Photon.LoadBalancing', typeName = 'Photon.LoadBalancing.GameServer.GameApplication'
2019-05-25 06:21:01,522 [ 1] INFO  PhotonHostRuntime.PhotonDomainManager - CreateAppDomain: name = 'CounterPublisher' , assemblyName = 'CounterPublisher'
2019-05-25 06:21:01,526 [ 1] INFO  PhotonHostRuntime.PhotonDomainManager -   ApplicationBase = 'C:\Users\User\Documents\GitHub\hackgames2\server\Photon-OnPremise-Server-SDK_v4-0-29-11263\deploy'
2019-05-25 06:21:01,530 [ 1] INFO  PhotonHostRuntime.PhotonDomainManager -   PrivateBinPath = 'C:\Users\User\Documents\GitHub\hackgames2\server\Photon-OnPremise-Server-SDK_v4-0-29-11263\deploy\CounterPublisher\bin;bin_Win64;Shared;'
2019-05-25 06:21:01,533 [ 1] INFO  PhotonHostRuntime.PhotonDomainManager -   ConfigurationFile = 'C:\Users\User\Documents\GitHub\hackgames2\server\Photon-OnPremise-Server-SDK_v4-0-29-11263\deploy\CounterPublisher\bin\CounterPublisher.dll.config'
2019-05-25 06:21:01,537 [ 1] INFO  PhotonHostRuntime.PhotonDomainManager -   CachePath = 'C:\Users\User\Documents\GitHub\hackgames2\server\Photon-OnPremise-Server-SDK_v4-0-29-11263\deploy\CounterPublisher\bin\Cache'
2019-05-25 06:21:01,645 [ 1] INFO  PhotonHostRuntime.PhotonDomainManager -   ApplicationPath = 'C:\Users\User\Documents\GitHub\hackgames2\server\Photon-OnPremise-Server-SDK_v4-0-29-11263\deploy\CounterPublisher'
2019-05-25 06:21:01,649 [ 1] INFO  PhotonHostRuntime.PhotonDomainManager -   BinaryPath = 'C:\Users\User\Documents\GitHub\hackgames2\server\Photon-OnPremise-Server-SDK_v4-0-29-11263\deploy\CounterPublisher\bin'
2019-05-25 06:21:01,653 [ 1] INFO  PhotonHostRuntime.PhotonDomainManager -   ApplicationRootPath = 'C:\Users\User\Documents\GitHub\hackgames2\server\Photon-OnPremise-Server-SDK_v4-0-29-11263\deploy'
2019-05-25 06:21:01,657 [ 1] INFO  PhotonHostRuntime.PhotonDomainManager -   UnmanagedLogPath = 'C:\Users\User\Documents\GitHub\hackgames2\server\Photon-OnPremise-Server-SDK_v4-0-29-11263\deploy\bin_Win64\log'
2019-05-25 06:21:01,691 [ 1] INFO  PhotonHostRuntime.PhotonDomainManager - AssemblyLoadEvent: CounterPublisher, Version=4.0.28.11221, Culture=neutral, PublicKeyToken=null from file:///C:/Users/User/Documents/GitHub/hackgames2/server/Photon-OnPremise-Server-SDK_v4-0-29-11263/deploy/CounterPublisher/bin/CounterPublisher.DLL
2019-05-25 06:21:01,695 [ 1] INFO  PhotonHostRuntime.PhotonDomainManager - Photon SDK:4.0.28.11245
2019-05-25 06:21:01,735 [ 1] INFO  PhotonHostRuntime.PhotonDomainManager - AssemblyLoadEvent: Photon.SocketServer, Version=4.0.28.11245, Culture=neutral, PublicKeyToken=48c2fa3b6988090e from file:///C:/Users/User/Documents/GitHub/hackgames2/server/Photon-OnPremise-Server-SDK_v4-0-29-11263/deploy/CounterPublisher/bin/Photon.SocketServer.DLL
2019-05-25 06:21:01,769 [ 1] INFO  PhotonHostRuntime.PhotonDomainManager - AssemblyLoadEvent: ExitGamesLibs, Version=1.0.4.0, Culture=neutral, PublicKeyToken=eac0edd9746a4aa0 from file:///C:/Users/User/Documents/GitHub/hackgames2/server/Photon-OnPremise-Server-SDK_v4-0-29-11263/deploy/CounterPublisher/bin/ExitGamesLibs.DLL
2019-05-25 06:21:01,777 [ 1] INFO  PhotonHostRuntime.PhotonDomainManager - Starting: name = 'CounterPublisher', assemblyName = 'CounterPublisher', typeName = 'Photon.CounterPublisher.Application'
2019-05-25 06:21:01,815 [ 1] INFO  PhotonHostRuntime.PhotonDomainManager - PhotonRunning: ApplicationName = 'CounterPublisher', DomainId='4' -- calling Application.Setup
2019-05-25 06:21:01,842 [ 1] INFO  PhotonHostRuntime.PhotonDomainManager - AssemblyLoadEvent: ExitGames.Logging.Log4Net, Version=1.0.4.0, Culture=neutral, PublicKeyToken=eac0edd9746a4aa0 from file:///C:/Users/User/Documents/GitHub/hackgames2/server/Photon-OnPremise-Server-SDK_v4-0-29-11263/deploy/CounterPublisher/bin/ExitGames.Logging.Log4Net.DLL
2019-05-25 06:21:05,098 [ 1] INFO  PhotonHostRuntime.PhotonDomainManager - PhotonRunning: ApplicationName = 'Game', DomainId='3' -- calling Application.Setup
2019-05-25 06:21:05,123 [ 1] INFO  PhotonHostRuntime.PhotonDomainManager - AssemblyLoadEvent: ExitGames.Logging.Log4Net, Version=1.0.4.0, Culture=neutral, PublicKeyToken=eac0edd9746a4aa0 from file:///C:/Users/User/Documents/GitHub/hackgames2/server/Photon-OnPremise-Server-SDK_v4-0-29-11263/deploy/LoadBalancing/GameServer/bin/ExitGames.Logging.Log4Net.DLL
2019-05-25 06:21:05,832 [ 1] INFO  PhotonHostRuntime.PhotonDomainManager - AssemblyLoadEvent: System.resources, Version=4.0.0.0, Culture=ru, PublicKeyToken=b77a5c561934e089 from file:///C:/Windows/Microsoft.Net/assembly/GAC_MSIL/System.resources/v4.0_4.0.0.0_ru_b77a5c561934e089/System.resources.dll
2019-05-25 06:21:06,723 [ 1] INFO  PhotonHostRuntime.PhotonDomainManager - AssemblyLoadEvent: PhotonHivePlugin, Version=1.0.15.11060, Culture=neutral, PublicKeyToken=null from file:///C:/Users/User/Documents/GitHub/hackgames2/server/Photon-OnPremise-Server-SDK_v4-0-29-11263/deploy/LoadBalancing/GameServer/bin/PhotonHivePlugin.DLL
2019-05-25 06:21:06,778 [ 1] INFO  PhotonHostRuntime.PhotonDomainManager - PhotonRunning: ApplicationName = 'Master', DomainId='2' -- calling Application.Setup
2019-05-25 06:21:06,814 [ 1] INFO  PhotonHostRuntime.PhotonDomainManager - AssemblyLoadEvent: Photon.Common, Version=4.0.28.11221, Culture=neutral, PublicKeyToken=null from file:///C:/Users/User/Documents/GitHub/hackgames2/server/Photon-OnPremise-Server-SDK_v4-0-29-11263/deploy/LoadBalancing/Master/bin/Photon.Common.DLL
2019-05-25 06:21:06,828 [ 1] INFO  PhotonHostRuntime.PhotonDomainManager - AssemblyLoadEvent: ExitGames.Logging.Log4Net, Version=1.0.4.0, Culture=neutral, PublicKeyToken=eac0edd9746a4aa0 from file:///C:/Users/User/Documents/GitHub/hackgames2/server/Photon-OnPremise-Server-SDK_v4-0-29-11263/deploy/LoadBalancing/Master/bin/ExitGames.Logging.Log4Net.DLL
2019-05-25 06:21:07,538 [ 1] INFO  PhotonHostRuntime.PhotonDomainManager - AssemblyLoadEvent: System.resources, Version=4.0.0.0, Culture=ru, PublicKeyToken=b77a5c561934e089 from file:///C:/Windows/Microsoft.Net/assembly/GAC_MSIL/System.resources/v4.0_4.0.0.0_ru_b77a5c561934e089/System.resources.dll
2019-05-25 06:21:07,724 [ 1] INFO  PhotonHostRuntime.PhotonDomainManager - AssemblyLoadEvent: PhotonHive, Version=4.0.28.11221, Culture=neutral, PublicKeyToken=null from file:///C:/Users/User/Documents/GitHub/hackgames2/server/Photon-OnPremise-Server-SDK_v4-0-29-11263/deploy/LoadBalancing/Master/bin/PhotonHive.DLL
2019-05-25 06:21:07,796 [ 1] INFO  PhotonHostRuntime.PhotonDomainManager - AssemblyLoadEvent: ServiceStack.Redis, Version=3.9.71.0, Culture=neutral, PublicKeyToken=null from file:///C:/Users/User/Documents/GitHub/hackgames2/server/Photon-OnPremise-Server-SDK_v4-0-29-11263/deploy/LoadBalancing/Master/bin/ServiceStack.Redis.DLL
2019-05-25 06:21:07,826 [ 1] INFO  PhotonHostRuntime.PhotonDomainManager - AssemblyLoadEvent: ServiceStack.Interfaces, Version=1.0.0.0, Culture=neutral, PublicKeyToken=null from file:///C:/Users/User/Documents/GitHub/hackgames2/server/Photon-OnPremise-Server-SDK_v4-0-29-11263/deploy/LoadBalancing/Master/bin/ServiceStack.Interfaces.DLL
2019-05-25 06:21:07,848 [ 1] INFO  PhotonHostRuntime.PhotonDomainManager - AssemblyLoadEvent: System.Web, Version=4.0.0.0, Culture=neutral, PublicKeyToken=b03f5f7f11d50a3a from file:///C:/Windows/Microsoft.Net/assembly/GAC_64/System.Web/v4.0_4.0.0.0__b03f5f7f11d50a3a/System.Web.dll
2019-05-25 06:21:07,932 [ 1] INFO  PhotonHostRuntime.PhotonDomainManager - PhotonRunning: ApplicationName = 'DefaultDomain', DomainId='1'
2019-05-25 06:21:08,008 [13] INFO  PhotonHostRuntime.PhotonDomainManager - AssemblyLoadEvent: PhotonHivePlugin, Version=1.0.15.11060, Culture=neutral, PublicKeyToken=null from file:///C:/Users/User/Documents/GitHub/hackgames2/server/Photon-OnPremise-Server-SDK_v4-0-29-11263/deploy/LoadBalancing/Master/bin/PhotonHivePlugin.DLL
2019-05-25 10:01:44,386 [24] INFO  PhotonHostRuntime.PhotonDomainManager - CreateAppDomain: name = 'Game' , assemblyName = 'Photon.LoadBalancing'
2019-05-25 10:01:44,404 [24] INFO  PhotonHostRuntime.PhotonDomainManager -   ApplicationBase = 'C:\Users\User\Documents\GitHub\hackgames2\server\Photon-OnPremise-Server-SDK_v4-0-29-11263\deploy'
2019-05-25 10:01:44,420 [24] INFO  PhotonHostRuntime.PhotonDomainManager -   PrivateBinPath = 'C:\Users\User\Documents\GitHub\hackgames2\server\Photon-OnPremise-Server-SDK_v4-0-29-11263\deploy\LoadBalancing\GameServer\bin;bin_Win64;Shared;'
2019-05-25 10:01:44,434 [24] INFO  PhotonHostRuntime.PhotonDomainManager -   ConfigurationFile = 'C:\Users\User\Documents\GitHub\hackgames2\server\Photon-OnPremise-Server-SDK_v4-0-29-11263\deploy\LoadBalancing\GameServer\bin\Photon.LoadBalancing.dll.config'
2019-05-25 10:01:44,450 [24] INFO  PhotonHostRuntime.PhotonDomainManager -   CachePath = 'C:\Users\User\Documents\GitHub\hackgames2\server\Photon-OnPremise-Server-SDK_v4-0-29-11263\deploy\LoadBalancing\GameServer\bin\Cache'
2019-05-25 10:01:44,601 [24] INFO  PhotonHostRuntime.PhotonDomainManager -   ApplicationPath = 'C:\Users\User\Documents\GitHub\hackgames2\server\Photon-OnPremise-Server-SDK_v4-0-29-11263\deploy\LoadBalancing\GameServer'
2019-05-25 10:01:44,605 [24] INFO  PhotonHostRuntime.PhotonDomainManager -   BinaryPath = 'C:\Users\User\Documents\GitHub\hackgames2\server\Photon-OnPremise-Server-SDK_v4-0-29-11263\deploy\LoadBalancing\GameServer\bin'
2019-05-25 10:01:44,609 [24] INFO  PhotonHostRuntime.PhotonDomainManager -   ApplicationRootPath = 'C:\Users\User\Documents\GitHub\hackgames2\server\Photon-OnPremise-Server-SDK_v4-0-29-11263\deploy'
2019-05-25 10:01:44,614 [24] INFO  PhotonHostRuntime.PhotonDomainManager -   UnmanagedLogPath = 'C:\Users\User\Documents\GitHub\hackgames2\server\Photon-OnPremise-Server-SDK_v4-0-29-11263\deploy\bin_Win64\log'
2019-05-25 10:01:44,658 [24] INFO  PhotonHostRuntime.PhotonDomainManager - AssemblyLoadEvent: Photon.LoadBalancing, Version=4.0.28.11221, Culture=neutral, PublicKeyToken=null from file:///C:/Users/User/Documents/GitHub/hackgames2/server/Photon-OnPremise-Server-SDK_v4-0-29-11263/deploy/LoadBalancing/GameServer/bin/Photon.LoadBalancing.DLL
2019-05-25 10:01:44,663 [24] INFO  PhotonHostRuntime.PhotonDomainManager - Photon SDK:4.0.28.11245
2019-05-25 10:01:44,709 [24] INFO  PhotonHostRuntime.PhotonDomainManager - AssemblyLoadEvent: Photon.SocketServer, Version=4.0.28.11245, Culture=neutral, PublicKeyToken=48c2fa3b6988090e from file:///C:/Users/User/Documents/GitHub/hackgames2/server/Photon-OnPremise-Server-SDK_v4-0-29-11263/deploy/LoadBalancing/GameServer/bin/Photon.SocketServer.DLL
2019-05-25 10:01:44,742 [24] INFO  PhotonHostRuntime.PhotonDomainManager - AssemblyLoadEvent: Photon.Common, Version=4.0.28.11221, Culture=neutral, PublicKeyToken=null from file:///C:/Users/User/Documents/GitHub/hackgames2/server/Photon-OnPremise-Server-SDK_v4-0-29-11263/deploy/LoadBalancing/GameServer/bin/Photon.Common.DLL
2019-05-25 10:01:44,774 [24] INFO  PhotonHostRuntime.PhotonDomainManager - AssemblyLoadEvent: ExitGamesLibs, Version=1.0.4.0, Culture=neutral, PublicKeyToken=eac0edd9746a4aa0 from file:///C:/Users/User/Documents/GitHub/hackgames2/server/Photon-OnPremise-Server-SDK_v4-0-29-11263/deploy/LoadBalancing/GameServer/bin/ExitGamesLibs.DLL
2019-05-25 10:01:44,811 [24] INFO  PhotonHostRuntime.PhotonDomainManager - AssemblyLoadEvent: PhotonHive, Version=4.0.28.11221, Culture=neutral, PublicKeyToken=null from file:///C:/Users/User/Documents/GitHub/hackgames2/server/Photon-OnPremise-Server-SDK_v4-0-29-11263/deploy/LoadBalancing/GameServer/bin/PhotonHive.DLL
2019-05-25 10:01:44,839 [24] INFO  PhotonHostRuntime.PhotonDomainManager - Starting: name = 'Game', assemblyName = 'Photon.LoadBalancing', typeName = 'Photon.LoadBalancing.GameServer.GameApplication'
2019-05-25 10:01:44,844 [24] INFO  PhotonHostRuntime.PhotonDomainManager - PhotonRunning: ApplicationName = 'Game', DomainId='5' -- calling Application.Setup
2019-05-25 10:01:44,873 [24] INFO  PhotonHostRuntime.PhotonDomainManager - AssemblyLoadEvent: ExitGames.Logging.Log4Net, Version=1.0.4.0, Culture=neutral, PublicKeyToken=eac0edd9746a4aa0 from file:///C:/Users/User/Documents/GitHub/hackgames2/server/Photon-OnPremise-Server-SDK_v4-0-29-11263/deploy/LoadBalancing/GameServer/bin/ExitGames.Logging.Log4Net.DLL
2019-05-25 10:01:47,885 [24] INFO  PhotonHostRuntime.PhotonDomainManager - AssemblyLoadEvent: PhotonHivePlugin, Version=1.0.15.11060, Culture=neutral, PublicKeyToken=null from file:///C:/Users/User/Documents/GitHub/hackgames2/server/Photon-OnPremise-Server-SDK_v4-0-29-11263/deploy/LoadBalancing/GameServer/bin/PhotonHivePlugin.DLL
2019-05-25 10:01:47,932 [24] INFO  PhotonHostRuntime.PhotonDomainManager - RequestStop: ApplicationName = 'Game', DomainId='3' -- calling Application.OnStopRequested()
2019-05-25 10:01:47,951 [24] INFO  PhotonHostRuntime.PhotonDomainManager - Stop: ApplicationName = 'Game', DomainId='3' -- calling Application.TearDown()
2019-05-25 10:03:34,272 [ 1] INFO  PhotonHostRuntime.PhotonDomainManager - RequestStop: ApplicationName = 'CounterPublisher', DomainId='4' -- calling Application.OnStopRequested()
2019-05-25 10:03:34,289 [ 1] INFO  PhotonHostRuntime.PhotonDomainManager - RequestStop: ApplicationName = 'Game', DomainId='5' -- calling Application.OnStopRequested()
2019-05-25 10:03:34,317 [ 1] INFO  PhotonHostRuntime.PhotonDomainManager - RequestStop: ApplicationName = 'Master', DomainId='2' -- calling Application.OnStopRequested()
2019-05-25 10:03:34,330 [ 1] INFO  PhotonHostRuntime.PhotonDomainManager - RequestStop: ApplicationName = 'DefaultDomain', DomainId='1'
2019-05-25 10:03:34,336 [ 1] INFO  PhotonHostRuntime.PhotonDomainManager - Stop: ApplicationName = 'CounterPublisher', DomainId='4' -- calling Application.TearDown()
2019-05-25 10:03:34,345 [ 1] INFO  PhotonHostRuntime.PhotonDomainManager - Stop: ApplicationName = 'Game', DomainId='5' -- calling Application.TearDown()
2019-05-25 10:03:34,363 [ 1] INFO  PhotonHostRuntime.PhotonDomainManager - Stop: ApplicationName = 'Master', DomainId='2' -- calling Application.TearDown()
2019-05-25 10:03:40,853 [ 1] INFO  PhotonHostRuntime.PhotonDomainManager - Initialize: ApplicationName = 'DefaultDomain', DomainID = '1'
2019-05-25 10:03:40,871 [ 1] INFO  PhotonHostRuntime.PhotonDomainManager - AppDomains with unhandled exceptions are usually not unloaded and restarted.
2019-05-25 10:03:40,878 [ 1] INFO  PhotonHostRuntime.PhotonDomainManager - Getting license information:
2019-05-25 10:03:41,195 [ 1] INFO  PhotonHostRuntime.PhotonLicensing - LICENSE: No license file was found - starting with Bootstrap License.
2019-05-25 10:03:41,199 [ 1] INFO  PhotonHostRuntime.PhotonLicensing - LICENSE: Expiration: never; floating license: no; max connections: 20; valid IPs: any
2019-05-25 10:03:42,601 [ 1] INFO  PhotonHostRuntime.PhotonDomainManager - CreateAppDomain: name = 'Master' , assemblyName = 'Photon.LoadBalancing'
2019-05-25 10:03:42,609 [ 1] INFO  PhotonHostRuntime.PhotonDomainManager -   ApplicationBase = 'C:\Users\User\Documents\GitHub\hackgames2\server\Photon-OnPremise-Server-SDK_v4-0-29-11263\deploy'
2019-05-25 10:03:42,616 [ 1] INFO  PhotonHostRuntime.PhotonDomainManager -   PrivateBinPath = 'C:\Users\User\Documents\GitHub\hackgames2\server\Photon-OnPremise-Server-SDK_v4-0-29-11263\deploy\LoadBalancing\Master\bin;bin_Win64;Shared;'
2019-05-25 10:03:42,623 [ 1] INFO  PhotonHostRuntime.PhotonDomainManager -   ConfigurationFile = 'C:\Users\User\Documents\GitHub\hackgames2\server\Photon-OnPremise-Server-SDK_v4-0-29-11263\deploy\LoadBalancing\Master\bin\Photon.LoadBalancing.dll.config'
2019-05-25 10:03:42,630 [ 1] INFO  PhotonHostRuntime.PhotonDomainManager -   CachePath = 'C:\Users\User\Documents\GitHub\hackgames2\server\Photon-OnPremise-Server-SDK_v4-0-29-11263\deploy\LoadBalancing\Master\bin\Cache'
2019-05-25 10:03:42,759 [ 1] INFO  PhotonHostRuntime.PhotonDomainManager -   ApplicationPath = 'C:\Users\User\Documents\GitHub\hackgames2\server\Photon-OnPremise-Server-SDK_v4-0-29-11263\deploy\LoadBalancing\Master'
2019-05-25 10:03:42,763 [ 1] INFO  PhotonHostRuntime.PhotonDomainManager -   BinaryPath = 'C:\Users\User\Documents\GitHub\hackgames2\server\Photon-OnPremise-Server-SDK_v4-0-29-11263\deploy\LoadBalancing\Master\bin'
2019-05-25 10:03:42,767 [ 1] INFO  PhotonHostRuntime.PhotonDomainManager -   ApplicationRootPath = 'C:\Users\User\Documents\GitHub\hackgames2\server\Photon-OnPremise-Server-SDK_v4-0-29-11263\deploy'
2019-05-25 10:03:42,772 [ 1] INFO  PhotonHostRuntime.PhotonDomainManager -   UnmanagedLogPath = 'C:\Users\User\Documents\GitHub\hackgames2\server\Photon-OnPremise-Server-SDK_v4-0-29-11263\deploy\bin_Win64\log'
2019-05-25 10:03:42,815 [ 1] INFO  PhotonHostRuntime.PhotonDomainManager - AssemblyLoadEvent: Photon.LoadBalancing, Version=4.0.28.11221, Culture=neutral, PublicKeyToken=null from file:///C:/Users/User/Documents/GitHub/hackgames2/server/Photon-OnPremise-Server-SDK_v4-0-29-11263/deploy/LoadBalancing/Master/bin/Photon.LoadBalancing.DLL
2019-05-25 10:03:42,820 [ 1] INFO  PhotonHostRuntime.PhotonDomainManager - Photon SDK:4.0.28.11245
2019-05-25 10:03:42,863 [ 1] INFO  PhotonHostRuntime.PhotonDomainManager - AssemblyLoadEvent: Photon.SocketServer, Version=4.0.28.11245, Culture=neutral, PublicKeyToken=48c2fa3b6988090e from file:///C:/Users/User/Documents/GitHub/hackgames2/server/Photon-OnPremise-Server-SDK_v4-0-29-11263/deploy/LoadBalancing/Master/bin/Photon.SocketServer.DLL
2019-05-25 10:03:42,900 [ 1] INFO  PhotonHostRuntime.PhotonDomainManager - AssemblyLoadEvent: ExitGamesLibs, Version=1.0.4.0, Culture=neutral, PublicKeyToken=eac0edd9746a4aa0 from file:///C:/Users/User/Documents/GitHub/hackgames2/server/Photon-OnPremise-Server-SDK_v4-0-29-11263/deploy/LoadBalancing/Master/bin/ExitGamesLibs.DLL
2019-05-25 10:03:42,921 [ 1] INFO  PhotonHostRuntime.PhotonDomainManager - Starting: name = 'Master', assemblyName = 'Photon.LoadBalancing', typeName = 'Photon.LoadBalancing.MasterServer.MasterApplication'
2019-05-25 10:03:42,930 [ 1] INFO  PhotonHostRuntime.PhotonDomainManager - CreateAppDomain: name = 'Game' , assemblyName = 'Photon.LoadBalancing'
2019-05-25 10:03:42,934 [ 1] INFO  PhotonHostRuntime.PhotonDomainManager -   ApplicationBase = 'C:\Users\User\Documents\GitHub\hackgames2\server\Photon-OnPremise-Server-SDK_v4-0-29-11263\deploy'
2019-05-25 10:03:42,938 [ 1] INFO  PhotonHostRuntime.PhotonDomainManager -   PrivateBinPath = 'C:\Users\User\Documents\GitHub\hackgames2\server\Photon-OnPremise-Server-SDK_v4-0-29-11263\deploy\LoadBalancing\GameServer\bin;bin_Win64;Shared;'
2019-05-25 10:03:42,942 [ 1] INFO  PhotonHostRuntime.PhotonDomainManager -   ConfigurationFile = 'C:\Users\User\Documents\GitHub\hackgames2\server\Photon-OnPremise-Server-SDK_v4-0-29-11263\deploy\LoadBalancing\GameServer\bin\Photon.LoadBalancing.dll.config'
2019-05-25 10:03:42,947 [ 1] INFO  PhotonHostRuntime.PhotonDomainManager -   CachePath = 'C:\Users\User\Documents\GitHub\hackgames2\server\Photon-OnPremise-Server-SDK_v4-0-29-11263\deploy\LoadBalancing\GameServer\bin\Cache'
2019-05-25 10:03:43,067 [ 1] INFO  PhotonHostRuntime.PhotonDomainManager -   ApplicationPath = 'C:\Users\User\Documents\GitHub\hackgames2\server\Photon-OnPremise-Server-SDK_v4-0-29-11263\deploy\LoadBalancing\GameServer'
2019-05-25 10:03:43,073 [ 1] INFO  PhotonHostRuntime.PhotonDomainManager -   BinaryPath = 'C:\Users\User\Documents\GitHub\hackgames2\server\Photon-OnPremise-Server-SDK_v4-0-29-11263\deploy\LoadBalancing\GameServer\bin'
2019-05-25 10:03:43,078 [ 1] INFO  PhotonHostRuntime.PhotonDomainManager -   ApplicationRootPath = 'C:\Users\User\Documents\GitHub\hackgames2\server\Photon-OnPremise-Server-SDK_v4-0-29-11263\deploy'
2019-05-25 10:03:43,084 [ 1] INFO  PhotonHostRuntime.PhotonDomainManager -   UnmanagedLogPath = 'C:\Users\User\Documents\GitHub\hackgames2\server\Photon-OnPremise-Server-SDK_v4-0-29-11263\deploy\bin_Win64\log'
2019-05-25 10:03:43,131 [ 1] INFO  PhotonHostRuntime.PhotonDomainManager - AssemblyLoadEvent: Photon.LoadBalancing, Version=4.0.28.11221, Culture=neutral, PublicKeyToken=null from file:///C:/Users/User/Documents/GitHub/hackgames2/server/Photon-OnPremise-Server-SDK_v4-0-29-11263/deploy/LoadBalancing/GameServer/bin/Photon.LoadBalancing.DLL
2019-05-25 10:03:43,135 [ 1] INFO  PhotonHostRuntime.PhotonDomainManager - Photon SDK:4.0.28.11245
2019-05-25 10:03:43,175 [ 1] INFO  PhotonHostRuntime.PhotonDomainManager - AssemblyLoadEvent: Photon.SocketServer, Version=4.0.28.11245, Culture=neutral, PublicKeyToken=48c2fa3b6988090e from file:///C:/Users/User/Documents/GitHub/hackgames2/server/Photon-OnPremise-Server-SDK_v4-0-29-11263/deploy/LoadBalancing/GameServer/bin/Photon.SocketServer.DLL
2019-05-25 10:03:43,206 [ 1] INFO  PhotonHostRuntime.PhotonDomainManager - AssemblyLoadEvent: Photon.Common, Version=4.0.28.11221, Culture=neutral, PublicKeyToken=null from file:///C:/Users/User/Documents/GitHub/hackgames2/server/Photon-OnPremise-Server-SDK_v4-0-29-11263/deploy/LoadBalancing/GameServer/bin/Photon.Common.DLL
2019-05-25 10:03:43,236 [ 1] INFO  PhotonHostRuntime.PhotonDomainManager - AssemblyLoadEvent: ExitGamesLibs, Version=1.0.4.0, Culture=neutral, PublicKeyToken=eac0edd9746a4aa0 from file:///C:/Users/User/Documents/GitHub/hackgames2/server/Photon-OnPremise-Server-SDK_v4-0-29-11263/deploy/LoadBalancing/GameServer/bin/ExitGamesLibs.DLL
2019-05-25 10:03:43,272 [ 1] INFO  PhotonHostRuntime.PhotonDomainManager - AssemblyLoadEvent: PhotonHive, Version=4.0.28.11221, Culture=neutral, PublicKeyToken=null from file:///C:/Users/User/Documents/GitHub/hackgames2/server/Photon-OnPremise-Server-SDK_v4-0-29-11263/deploy/LoadBalancing/GameServer/bin/PhotonHive.DLL
2019-05-25 10:03:43,301 [ 1] INFO  PhotonHostRuntime.PhotonDomainManager - Starting: name = 'Game', assemblyName = 'Photon.LoadBalancing', typeName = 'Photon.LoadBalancing.GameServer.GameApplication'
2019-05-25 10:03:43,305 [ 1] INFO  PhotonHostRuntime.PhotonDomainManager - CreateAppDomain: name = 'CounterPublisher' , assemblyName = 'CounterPublisher'
2019-05-25 10:03:43,309 [ 1] INFO  PhotonHostRuntime.PhotonDomainManager -   ApplicationBase = 'C:\Users\User\Documents\GitHub\hackgames2\server\Photon-OnPremise-Server-SDK_v4-0-29-11263\deploy'
2019-05-25 10:03:43,314 [ 1] INFO  PhotonHostRuntime.PhotonDomainManager -   PrivateBinPath = 'C:\Users\User\Documents\GitHub\hackgames2\server\Photon-OnPremise-Server-SDK_v4-0-29-11263\deploy\CounterPublisher\bin;bin_Win64;Shared;'
2019-05-25 10:03:43,317 [ 1] INFO  PhotonHostRuntime.PhotonDomainManager -   ConfigurationFile = 'C:\Users\User\Documents\GitHub\hackgames2\server\Photon-OnPremise-Server-SDK_v4-0-29-11263\deploy\CounterPublisher\bin\CounterPublisher.dll.config'
2019-05-25 10:03:43,321 [ 1] INFO  PhotonHostRuntime.PhotonDomainManager -   CachePath = 'C:\Users\User\Documents\GitHub\hackgames2\server\Photon-OnPremise-Server-SDK_v4-0-29-11263\deploy\CounterPublisher\bin\Cache'
2019-05-25 10:03:43,431 [ 1] INFO  PhotonHostRuntime.PhotonDomainManager -   ApplicationPath = 'C:\Users\User\Documents\GitHub\hackgames2\server\Photon-OnPremise-Server-SDK_v4-0-29-11263\deploy\CounterPublisher'
2019-05-25 10:03:43,435 [ 1] INFO  PhotonHostRuntime.PhotonDomainManager -   BinaryPath = 'C:\Users\User\Documents\GitHub\hackgames2\server\Photon-OnPremise-Server-SDK_v4-0-29-11263\deploy\CounterPublisher\bin'
2019-05-25 10:03:43,440 [ 1] INFO  PhotonHostRuntime.PhotonDomainManager -   ApplicationRootPath = 'C:\Users\User\Documents\GitHub\hackgames2\server\Photon-OnPremise-Server-SDK_v4-0-29-11263\deploy'
2019-05-25 10:03:43,444 [ 1] INFO  PhotonHostRuntime.PhotonDomainManager -   UnmanagedLogPath = 'C:\Users\User\Documents\GitHub\hackgames2\server\Photon-OnPremise-Server-SDK_v4-0-29-11263\deploy\bin_Win64\log'
2019-05-25 10:03:43,482 [ 1] INFO  PhotonHostRuntime.PhotonDomainManager - AssemblyLoadEvent: CounterPublisher, Version=4.0.28.11221, Culture=neutral, PublicKeyToken=null from file:///C:/Users/User/Documents/GitHub/hackgames2/server/Photon-OnPremise-Server-SDK_v4-0-29-11263/deploy/CounterPublisher/bin/CounterPublisher.DLL
2019-05-25 10:03:43,486 [ 1] INFO  PhotonHostRuntime.PhotonDomainManager - Photon SDK:4.0.28.11245
2019-05-25 10:03:43,539 [ 1] INFO  PhotonHostRuntime.PhotonDomainManager - AssemblyLoadEvent: Photon.SocketServer, Version=4.0.28.11245, Culture=neutral, PublicKeyToken=48c2fa3b6988090e from file:///C:/Users/User/Documents/GitHub/hackgames2/server/Photon-OnPremise-Server-SDK_v4-0-29-11263/deploy/CounterPublisher/bin/Photon.SocketServer.DLL
2019-05-25 10:03:43,575 [ 1] INFO  PhotonHostRuntime.PhotonDomainManager - AssemblyLoadEvent: ExitGamesLibs, Version=1.0.4.0, Culture=neutral, PublicKeyToken=eac0edd9746a4aa0 from file:///C:/Users/User/Documents/GitHub/hackgames2/server/Photon-OnPremise-Server-SDK_v4-0-29-11263/deploy/CounterPublisher/bin/ExitGamesLibs.DLL
2019-05-25 10:03:43,583 [ 1] INFO  PhotonHostRuntime.PhotonDomainManager - Starting: name = 'CounterPublisher', assemblyName = 'CounterPublisher', typeName = 'Photon.CounterPublisher.Application'
2019-05-25 10:03:43,620 [ 1] INFO  PhotonHostRuntime.PhotonDomainManager - PhotonRunning: ApplicationName = 'CounterPublisher', DomainId='4' -- calling Application.Setup
2019-05-25 10:03:43,635 [ 1] INFO  PhotonHostRuntime.PhotonDomainManager - AssemblyLoadEvent: ExitGames.Logging.Log4Net, Version=1.0.4.0, Culture=neutral, PublicKeyToken=eac0edd9746a4aa0 from file:///C:/Users/User/Documents/GitHub/hackgames2/server/Photon-OnPremise-Server-SDK_v4-0-29-11263/deploy/CounterPublisher/bin/ExitGames.Logging.Log4Net.DLL
2019-05-25 10:03:44,415 [ 1] INFO  PhotonHostRuntime.PhotonDomainManager - PhotonRunning: ApplicationName = 'Game', DomainId='3' -- calling Application.Setup
2019-05-25 10:03:44,430 [ 1] INFO  PhotonHostRuntime.PhotonDomainManager - AssemblyLoadEvent: ExitGames.Logging.Log4Net, Version=1.0.4.0, Culture=neutral, PublicKeyToken=eac0edd9746a4aa0 from file:///C:/Users/User/Documents/GitHub/hackgames2/server/Photon-OnPremise-Server-SDK_v4-0-29-11263/deploy/LoadBalancing/GameServer/bin/ExitGames.Logging.Log4Net.DLL
2019-05-25 10:03:45,256 [ 1] INFO  PhotonHostRuntime.PhotonDomainManager - AssemblyLoadEvent: PhotonHivePlugin, Version=1.0.15.11060, Culture=neutral, PublicKeyToken=null from file:///C:/Users/User/Documents/GitHub/hackgames2/server/Photon-OnPremise-Server-SDK_v4-0-29-11263/deploy/LoadBalancing/GameServer/bin/PhotonHivePlugin.DLL
2019-05-25 10:03:45,308 [ 1] INFO  PhotonHostRuntime.PhotonDomainManager - PhotonRunning: ApplicationName = 'Master', DomainId='2' -- calling Application.Setup
2019-05-25 10:03:45,343 [ 1] INFO  PhotonHostRuntime.PhotonDomainManager - AssemblyLoadEvent: Photon.Common, Version=4.0.28.11221, Culture=neutral, PublicKeyToken=null from file:///C:/Users/User/Documents/GitHub/hackgames2/server/Photon-OnPremise-Server-SDK_v4-0-29-11263/deploy/LoadBalancing/Master/bin/Photon.Common.DLL
2019-05-25 10:03:45,357 [ 1] INFO  PhotonHostRuntime.PhotonDomainManager - AssemblyLoadEvent: ExitGames.Logging.Log4Net, Version=1.0.4.0, Culture=neutral, PublicKeyToken=eac0edd9746a4aa0 from file:///C:/Users/User/Documents/GitHub/hackgames2/server/Photon-OnPremise-Server-SDK_v4-0-29-11263/deploy/LoadBalancing/Master/bin/ExitGames.Logging.Log4Net.DLL
2019-05-25 10:03:45,732 [ 1] INFO  PhotonHostRuntime.PhotonDomainManager - AssemblyLoadEvent: PhotonHive, Version=4.0.28.11221, Culture=neutral, PublicKeyToken=null from file:///C:/Users/User/Documents/GitHub/hackgames2/server/Photon-OnPremise-Server-SDK_v4-0-29-11263/deploy/LoadBalancing/Master/bin/PhotonHive.DLL
2019-05-25 10:03:45,793 [ 1] INFO  PhotonHostRuntime.PhotonDomainManager - AssemblyLoadEvent: ServiceStack.Redis, Version=3.9.71.0, Culture=neutral, PublicKeyToken=null from file:///C:/Users/User/Documents/GitHub/hackgames2/server/Photon-OnPremise-Server-SDK_v4-0-29-11263/deploy/LoadBalancing/Master/bin/ServiceStack.Redis.DLL
2019-05-25 10:03:45,821 [ 1] INFO  PhotonHostRuntime.PhotonDomainManager - AssemblyLoadEvent: ServiceStack.Interfaces, Version=1.0.0.0, Culture=neutral, PublicKeyToken=null from file:///C:/Users/User/Documents/GitHub/hackgames2/server/Photon-OnPremise-Server-SDK_v4-0-29-11263/deploy/LoadBalancing/Master/bin/ServiceStack.Interfaces.DLL
2019-05-25 10:03:45,843 [ 1] INFO  PhotonHostRuntime.PhotonDomainManager - AssemblyLoadEvent: System.Web, Version=4.0.0.0, Culture=neutral, PublicKeyToken=b03f5f7f11d50a3a from file:///C:/Windows/Microsoft.Net/assembly/GAC_64/System.Web/v4.0_4.0.0.0__b03f5f7f11d50a3a/System.Web.dll
2019-05-25 10:03:45,912 [ 1] INFO  PhotonHostRuntime.PhotonDomainManager - PhotonRunning: ApplicationName = 'DefaultDomain', DomainId='1'
2019-05-25 10:03:45,964 [13] INFO  PhotonHostRuntime.PhotonDomainManager - AssemblyLoadEvent: PhotonHivePlugin, Version=1.0.15.11060, Culture=neutral, PublicKeyToken=null from file:///C:/Users/User/Documents/GitHub/hackgames2/server/Photon-OnPremise-Server-SDK_v4-0-29-11263/deploy/LoadBalancing/Master/bin/PhotonHivePlugin.DLL
